#! /c/Source/iverilog-install/bin/vvp
:ivl_version "12.0 (devel)" "(s20150603-1110-g18392a46)";
:ivl_delay_selection "TYPICAL";
:vpi_time_precision + 0;
:vpi_module "G:\iverilog\lib\ivl\system.vpi";
:vpi_module "G:\iverilog\lib\ivl\vhdl_sys.vpi";
:vpi_module "G:\iverilog\lib\ivl\vhdl_textio.vpi";
:vpi_module "G:\iverilog\lib\ivl\v2005_math.vpi";
:vpi_module "G:\iverilog\lib\ivl\va_math.vpi";
S_0000020bbae22720 .scope module, "xor_gate" "xor_gate" 2 1;
 .timescale 0 0;
    .port_info 0 /INPUT 1 "a";
    .port_info 1 /INPUT 1 "b";
    .port_info 2 /OUTPUT 1 "out";
o0000020bbae568e8 .functor BUFZ 1, C4<z>; HiZ drive
o0000020bbae56918 .functor BUFZ 1, C4<z>; HiZ drive
L_0000020bbae22df0 .functor XOR 1, o0000020bbae568e8, o0000020bbae56918, C4<0>, C4<0>;
v0000020bbae23010_0 .net "a", 0 0, o0000020bbae568e8;  0 drivers
v0000020bbae23230_0 .net "b", 0 0, o0000020bbae56918;  0 drivers
v0000020bbae0ec70_0 .net "out", 0 0, L_0000020bbae22df0;  1 drivers
# The file index is used to find the file name in the following table.
:file_names 3;
    "N/A";
    "<interactive>";
    "1st.v";
