#! /c/Source/iverilog-install/bin/vvp
:ivl_version "12.0 (devel)" "(s20150603-1110-g18392a46)";
:ivl_delay_selection "TYPICAL";
:vpi_time_precision + 0;
:vpi_module "G:\iverilog\lib\ivl\system.vpi";
:vpi_module "G:\iverilog\lib\ivl\vhdl_sys.vpi";
:vpi_module "G:\iverilog\lib\ivl\vhdl_textio.vpi";
:vpi_module "G:\iverilog\lib\ivl\v2005_math.vpi";
:vpi_module "G:\iverilog\lib\ivl\va_math.vpi";
S_000002829281b250 .scope module, "full_adder_tb" "full_adder_tb" 2 2;
 .timescale 0 0;
v00000282929e00c0_0 .var "a", 0 0;
v00000282929e03e0_0 .var "b", 0 0;
v00000282929e0700_0 .var "c", 0 0;
v00000282929e07a0_0 .net "cout", 0 0, L_000002829281abe0;  1 drivers
v00000282929df8a0_0 .net "s", 0 0, L_000002829281b0b0;  1 drivers
S_0000028292995b80 .scope module, "fa" "full_adder" 2 5, 3 1 0, S_000002829281b250;
 .timescale 0 0;
    .port_info 0 /INPUT 1 "a";
    .port_info 1 /INPUT 1 "b";
    .port_info 2 /INPUT 1 "c";
    .port_info 3 /OUTPUT 1 "s";
    .port_info 4 /OUTPUT 1 "cout";
L_000002829281afd0 .functor XOR 1, v00000282929e00c0_0, v00000282929e03e0_0, C4<0>, C4<0>;
L_000002829281b0b0 .functor XOR 1, L_000002829281afd0, v00000282929e0700_0, C4<0>, C4<0>;
L_000002829281b120 .functor AND 1, v00000282929e00c0_0, v00000282929e03e0_0, C4<1>, C4<1>;
L_000002829281ab70 .functor AND 1, v00000282929e03e0_0, v00000282929e0700_0, C4<1>, C4<1>;
L_000002829281b190 .functor OR 1, L_000002829281b120, L_000002829281ab70, C4<0>, C4<0>;
L_000002829281aa90 .functor AND 1, v00000282929e00c0_0, v00000282929e0700_0, C4<1>, C4<1>;
L_000002829281abe0 .functor OR 1, L_000002829281b190, L_000002829281aa90, C4<0>, C4<0>;
v000002829281b3e0_0 .net *"_ivl_0", 0 0, L_000002829281afd0;  1 drivers
v000002829281b6b0_0 .net *"_ivl_10", 0 0, L_000002829281aa90;  1 drivers
v0000028292962b60_0 .net *"_ivl_4", 0 0, L_000002829281b120;  1 drivers
v0000028292995d10_0 .net *"_ivl_6", 0 0, L_000002829281ab70;  1 drivers
v0000028292995db0_0 .net *"_ivl_8", 0 0, L_000002829281b190;  1 drivers
v0000028292995e50_0 .net "a", 0 0, v00000282929e00c0_0;  1 drivers
v0000028292995ef0_0 .net "b", 0 0, v00000282929e03e0_0;  1 drivers
v0000028292995f90_0 .net "c", 0 0, v00000282929e0700_0;  1 drivers
v00000282929e0480_0 .net "cout", 0 0, L_000002829281abe0;  alias, 1 drivers
v00000282929e0660_0 .net "s", 0 0, L_000002829281b0b0;  alias, 1 drivers
    .scope S_000002829281b250;
T_0 ;
    %vpi_call 2 8 "$monitor", "At time %0t: a=%b b=%b, sum=%b, carry=%b", $time, v00000282929e00c0_0, v00000282929e03e0_0, v00000282929df8a0_0, v00000282929e07a0_0 {0 0 0};
    %vpi_call 2 9 "$dumpfile", "full_adder_tb.vcd" {0 0 0};
    %vpi_call 2 10 "$dumpvars", 32'sb00000000000000000000000000000000, S_000002829281b250 {0 0 0};
    %pushi/vec4 0, 0, 1;
    %store/vec4 v00000282929e00c0_0, 0, 1;
    %pushi/vec4 0, 0, 1;
    %store/vec4 v00000282929e03e0_0, 0, 1;
    %pushi/vec4 0, 0, 1;
    %store/vec4 v00000282929e0700_0, 0, 1;
    %delay 1, 0;
    %pushi/vec4 0, 0, 1;
    %store/vec4 v00000282929e00c0_0, 0, 1;
    %pushi/vec4 0, 0, 1;
    %store/vec4 v00000282929e03e0_0, 0, 1;
    %pushi/vec4 1, 0, 1;
    %store/vec4 v00000282929e0700_0, 0, 1;
    %delay 1, 0;
    %pushi/vec4 0, 0, 1;
    %store/vec4 v00000282929e00c0_0, 0, 1;
    %pushi/vec4 1, 0, 1;
    %store/vec4 v00000282929e03e0_0, 0, 1;
    %pushi/vec4 0, 0, 1;
    %store/vec4 v00000282929e0700_0, 0, 1;
    %delay 1, 0;
    %pushi/vec4 0, 0, 1;
    %store/vec4 v00000282929e00c0_0, 0, 1;
    %pushi/vec4 1, 0, 1;
    %store/vec4 v00000282929e03e0_0, 0, 1;
    %pushi/vec4 1, 0, 1;
    %store/vec4 v00000282929e0700_0, 0, 1;
    %delay 1, 0;
    %pushi/vec4 1, 0, 1;
    %store/vec4 v00000282929e00c0_0, 0, 1;
    %pushi/vec4 0, 0, 1;
    %store/vec4 v00000282929e03e0_0, 0, 1;
    %pushi/vec4 0, 0, 1;
    %store/vec4 v00000282929e0700_0, 0, 1;
    %delay 1, 0;
    %pushi/vec4 1, 0, 1;
    %store/vec4 v00000282929e00c0_0, 0, 1;
    %pushi/vec4 0, 0, 1;
    %store/vec4 v00000282929e03e0_0, 0, 1;
    %pushi/vec4 1, 0, 1;
    %store/vec4 v00000282929e0700_0, 0, 1;
    %delay 1, 0;
    %pushi/vec4 1, 0, 1;
    %store/vec4 v00000282929e00c0_0, 0, 1;
    %pushi/vec4 1, 0, 1;
    %store/vec4 v00000282929e03e0_0, 0, 1;
    %pushi/vec4 0, 0, 1;
    %store/vec4 v00000282929e0700_0, 0, 1;
    %delay 1, 0;
    %pushi/vec4 1, 0, 1;
    %store/vec4 v00000282929e00c0_0, 0, 1;
    %pushi/vec4 1, 0, 1;
    %store/vec4 v00000282929e03e0_0, 0, 1;
    %pushi/vec4 1, 0, 1;
    %store/vec4 v00000282929e0700_0, 0, 1;
    %delay 1, 0;
    %end;
    .thread T_0;
# The file index is used to find the file name in the following table.
:file_names 4;
    "N/A";
    "<interactive>";
    "full_adder_tb.v";
    "./full_adder.v";
