#! /c/Source/iverilog-install/bin/vvp
:ivl_version "12.0 (devel)" "(s20150603-1110-g18392a46)";
:ivl_delay_selection "TYPICAL";
:vpi_time_precision + 0;
:vpi_module "G:\iverilog\lib\ivl\system.vpi";
:vpi_module "G:\iverilog\lib\ivl\vhdl_sys.vpi";
:vpi_module "G:\iverilog\lib\ivl\vhdl_textio.vpi";
:vpi_module "G:\iverilog\lib\ivl\v2005_math.vpi";
:vpi_module "G:\iverilog\lib\ivl\va_math.vpi";
S_000002a6020d5800 .scope module, "half_adder_tb" "half_adder_tb" 2 2;
 .timescale 0 0;
v000002a6020d5bc0_0 .var "a", 0 0;
v000002a60208b730_0 .var "b", 0 0;
v000002a60208b7d0_0 .net "c_out", 0 0, L_000002a6020a2c00;  1 drivers
v000002a60208b870_0 .net "s", 0 0, L_000002a6020d5c60;  1 drivers
S_000002a6020d5990 .scope module, "ha" "half_adder" 2 6, 3 1 0, S_000002a6020d5800;
 .timescale 0 0;
    .port_info 0 /INPUT 1 "a";
    .port_info 1 /INPUT 1 "b";
    .port_info 2 /OUTPUT 1 "s";
    .port_info 3 /OUTPUT 1 "Cout";
L_000002a6020d5c60 .functor XOR 1, v000002a6020d5bc0_0, v000002a60208b730_0, C4<0>, C4<0>;
L_000002a6020a2c00 .functor AND 1, v000002a6020d5bc0_0, v000002a60208b730_0, C4<1>, C4<1>;
v000002a60208edf0_0 .net "Cout", 0 0, L_000002a6020a2c00;  alias, 1 drivers
v000002a6020a2b60_0 .net "a", 0 0, v000002a6020d5bc0_0;  1 drivers
v000002a60208e710_0 .net "b", 0 0, v000002a60208b730_0;  1 drivers
v000002a6020d5b20_0 .net "s", 0 0, L_000002a6020d5c60;  alias, 1 drivers
    .scope S_000002a6020d5800;
T_0 ;
    %vpi_call 2 9 "$monitor", "At time %0t: a=%b b=%b, sum=%b, carry=%b", $time, v000002a6020d5bc0_0, v000002a60208b730_0, v000002a60208b870_0, v000002a60208b7d0_0 {0 0 0};
    %vpi_call 2 10 "$dumpfile", "half_adder_tb.vcd" {0 0 0};
    %vpi_call 2 11 "$dumpvars", 32'sb00000000000000000000000000000000, S_000002a6020d5800 {0 0 0};
    %pushi/vec4 0, 0, 1;
    %store/vec4 v000002a6020d5bc0_0, 0, 1;
    %pushi/vec4 0, 0, 1;
    %store/vec4 v000002a60208b730_0, 0, 1;
    %delay 123, 0;
    %pushi/vec4 0, 0, 1;
    %store/vec4 v000002a6020d5bc0_0, 0, 1;
    %pushi/vec4 1, 0, 1;
    %store/vec4 v000002a60208b730_0, 0, 1;
    %delay 123, 0;
    %pushi/vec4 1, 0, 1;
    %store/vec4 v000002a6020d5bc0_0, 0, 1;
    %pushi/vec4 0, 0, 1;
    %store/vec4 v000002a60208b730_0, 0, 1;
    %delay 123, 0;
    %pushi/vec4 1, 0, 1;
    %store/vec4 v000002a6020d5bc0_0, 0, 1;
    %pushi/vec4 1, 0, 1;
    %store/vec4 v000002a60208b730_0, 0, 1;
    %end;
    .thread T_0;
# The file index is used to find the file name in the following table.
:file_names 4;
    "N/A";
    "<interactive>";
    "half_adder_tb.v";
    "./half_adder.v";
