#! /c/Source/iverilog-install/bin/vvp
:ivl_version "12.0 (devel)" "(s20150603-1110-g18392a46)";
:ivl_delay_selection "TYPICAL";
:vpi_time_precision + 0;
:vpi_module "G:\iverilog\lib\ivl\system.vpi";
:vpi_module "G:\iverilog\lib\ivl\vhdl_sys.vpi";
:vpi_module "G:\iverilog\lib\ivl\vhdl_textio.vpi";
:vpi_module "G:\iverilog\lib\ivl\v2005_math.vpi";
:vpi_module "G:\iverilog\lib\ivl\va_math.vpi";
S_000001a5ba3e2720 .scope module, "half_adder" "half_adder" 2 1;
 .timescale 0 0;
    .port_info 0 /INPUT 1 "a";
    .port_info 1 /INPUT 1 "b";
    .port_info 2 /OUTPUT 1 "s";
    .port_info 3 /OUTPUT 1 "Cout";
o000001a5ba4169b8 .functor BUFZ 1, C4<z>; HiZ drive
o000001a5ba4169e8 .functor BUFZ 1, C4<z>; HiZ drive
L_000001a5ba416450 .functor XOR 1, o000001a5ba4169b8, o000001a5ba4169e8, C4<0>, C4<0>;
L_000001a5ba3e2df0 .functor AND 1, o000001a5ba4169b8, o000001a5ba4169e8, C4<1>, C4<1>;
v000001a5ba4163b0_0 .net "Cout", 0 0, L_000001a5ba3e2df0;  1 drivers
v000001a5ba3e28b0_0 .net "S", 0 0, L_000001a5ba416450;  1 drivers
v000001a5ba3e2950_0 .net "a", 0 0, o000001a5ba4169b8;  0 drivers
v000001a5ba3e29f0_0 .net "b", 0 0, o000001a5ba4169e8;  0 drivers
o000001a5ba416a18 .functor BUFZ 1, C4<z>; HiZ drive
v000001a5ba3e2a90_0 .net "s", 0 0, o000001a5ba416a18;  0 drivers
# The file index is used to find the file name in the following table.
:file_names 3;
    "N/A";
    "<interactive>";
    "half_adder.v";
